<?xml version="1.0" encoding="UTF-8"?>
<testsuite xmlns:xsi="http://www.w3.org/2001/XMLSchema-instance" xsi:noNamespaceSchemaLocation="https://maven.apache.org/surefire/maven-surefire-plugin/xsd/surefire-test-report-3.0.xsd" version="3.0" name="de.exxcellent.challenge.analysis.WeatherDataAnalyzerTest" time="0.015" tests="5" errors="0" skipped="0" failures="0">
  <properties>
[...]
</properties>
  <testcase name="testSwappedColumns(Path)" classname="de.exxcellent.challenge.analysis.WeatherDataAnalyzerTest" time="0.004"/>
  <testcase name="testEmptyFile(Path)" classname="de.exxcellent.challenge.analysis.WeatherDataAnalyzerTest" time="0.001"/>
  <testcase name="testMissingColumn(Path)" classname="de.exxcellent.challenge.analysis.WeatherDataAnalyzerTest" time="0.002"/>
  <testcase name="testInvalidNumbers(Path)" classname="de.exxcellent.challenge.analysis.WeatherDataAnalyzerTest" time="0.001"/>
  <testcase name="testDefaultWeather" classname="de.exxcellent.challenge.analysis.WeatherDataAnalyzerTest" time="0.002"/>
</testsuite>